Arguments: 
  D:\Nvm\nvm\nodejs\node.exe D:\Nvm\nvm\nodejs\node_modules\yarn\bin\yarn.js

PATH: 
  D:\gitbash\Git\mingw64\bin;D:\gitbash\Git\usr\bin;C:\Users\User\bin;C:\WINDOWS\system32;C:\WINDOWS;C:\WINDOWS\System32\Wbem;C:\WINDOWS\System32\WindowsPowerShell\v1.0;C:\WINDOWS\System32\OpenSSH;D:\Nvm\nvm;D:\Nvm\nvm\nodejs;D:\gitbash\Git\cmd;C:\Users\User\AppData\Local\Microsoft\WindowsApps;C:\Users\User\AppData\Roaming\npm;D:\Nvm\nvm;D:\Nvm\nvm\nodejs;D:\vscode\Microsoft VS Code\bin

Yarn version: 
  1.22.19

Node version: 
  18.15.0

Platform: 
  win32 x64

Trace: 
  Error: https://registry.npmmirror.com/@ant-design/icons/-/icons-4.8.1.tgz: ESOCKETTIMEDOUT
      at ClientRequest.<anonymous> (D:\Nvm\nvm\v18.15.0\node_modules\yarn\lib\cli.js:141517:19)
      at Object.onceWrapper (node:events:627:28)
      at ClientRequest.emit (node:events:513:28)
      at TLSSocket.emitRequestTimeout (node:_http_client:848:9)
      at Object.onceWrapper (node:events:627:28)
      at TLSSocket.emit (node:events:525:35)
      at Socket._onTimeout (node:net:570:8)
      at listOnTimeout (node:internal/timers:569:17)
      at process.processTimers (node:internal/timers:512:7)

npm manifest: 
  {
    "private": true,
    "author": "",
    "scripts": {
      "build": "max build",
      "dev": "max dev",
      "format": "prettier --cache --write .",
      "postinstall": "max setup",
      "prepare": "husky install",
      "setup": "max setup",
      "start": "npm run dev --host 172.16.0.56"
    },
    "dependencies": {
      "@ahooksjs/use-url-state": "^3.5.1",
      "@ant-design/icons": "^4.7.0",
      "@ant-design/pro-components": "^2.0.1",
      "@dagrejs/dagre": "^1.0.2",
      "@umijs/max": "^4.0.32",
      "@umijs/plugin-locale": "^0.16.0",
      "@umijs/plugin-openapi": "^1.3.3",
      "ahooks": "^3.7.2",
      "antd": "^5.11.1",
      "dagre": "^0.8.5",
      "echarts": "^5.4.2",
      "html-to-image": "^1.11.11",
      "react-draggable": "^4.4.5",
      "react-window": "^1.8.8",
      "reactflow": "^11.7.2",
      "rsuite": "^5.22.2",
      "umi-request": "^1.4.0"
    },
    "devDependencies": {
      "@types/react": "^18.0.0",
      "@types/react-dom": "^18.0.0",
      "@types/react-router-dom": "^5.3.3",
      "@types/react-window": "^1.8.5",
      "@types/styled-components": "^5.1.26",
      "antd-colorpicker": "^1.0.0",
      "husky": "^8.0.1",
      "lint-staged": "^13.0.3",
      "prettier": "^2.7.1",
      "prettier-plugin-organize-imports": "^2",
      "prettier-plugin-packagejson": "^2",
      "react-router-dom": "^6.4.5",
      "styled-components": "^5.3.11",
      "typescript": "^4.1.2"
    }
  }

yarn manifest: 
  No manifest

Lockfile: 
  No lockfile
